<?xml version="1.0" encoding="UTF-8"?>
<!-- Generated by org.testng.reporters.JUnitXMLReporter -->
<testsuite ignored="0" hostname="CMDNYCBA01" failures="0" tests="77" name="Default test" time="7.674" errors="0" timestamp="17 Jul 2020 12:43:13 GMT">
  <testcase classname="Followup.Medicaid.EMA" name="preRec" time="4.668"/>
  <testcase classname="Followup.Medicaid.EMA" name="Action" time="0.008"/>
  <testcase classname="Followup.Medicaid.EMA" name="Action" time="0.006"/>
  <testcase classname="Followup.Medicaid.EMA" name="Action" time="0.005"/>
  <testcase classname="Followup.Medicaid.EMA" name="Action" time="0.005"/>
  <testcase classname="Followup.Medicaid.EMA" name="Action" time="0.004"/>
  <testcase classname="Followup.Medicaid.EMA" name="Action" time="0.004"/>
  <testcase classname="Followup.Medicaid.EMA" name="Action" time="0.004"/>
  <testcase classname="Followup.Medicaid.EMA" name="Action" time="0.003"/>
  <testcase classname="Followup.Medicaid.EMA" name="Action" time="0.004"/>
  <testcase classname="Followup.Medicaid.EMA" name="Action" time="0.006"/>
  <testcase classname="Followup.Medicaid.EMA" name="Action" time="0.005"/>
  <testcase classname="Followup.Medicaid.EMA" name="Action" time="0.006"/>
  <testcase classname="Followup.Medicaid.EMA" name="Action" time="0.005"/>
  <testcase classname="Followup.Medicaid.EMA" name="Action" time="0.005"/>
  <testcase classname="Followup.Medicaid.EMA" name="Action" time="0.005"/>
  <testcase classname="Followup.Medicaid.EMA" name="Action" time="0.033"/>
  <testcase classname="Followup.Medicaid.EMA" name="Action" time="0.004"/>
  <testcase classname="Followup.Medicaid.EMA" name="Action" time="0.003"/>
  <testcase classname="Followup.Medicaid.EMA" name="Action" time="0.004"/>
  <testcase classname="Followup.Medicaid.EMA" name="Action" time="0.003"/>
  <testcase classname="Followup.Medicaid.EMA" name="Action" time="0.004"/>
  <testcase classname="Followup.Medicaid.EMA" name="Action" time="0.004"/>
  <testcase classname="Followup.Medicaid.EMA" name="Action" time="0.003"/>
  <testcase classname="Followup.Medicaid.EMA" name="Action" time="0.004"/>
  <testcase classname="Followup.Medicaid.EMA" name="Action" time="0.005"/>
  <testcase classname="Followup.Medicaid.EMA" name="Action" time="0.003"/>
  <testcase classname="Followup.Medicaid.EMA" name="Action" time="0.003"/>
  <testcase classname="Followup.Medicaid.EMA" name="Action" time="0.004"/>
  <testcase classname="Followup.Medicaid.EMA" name="Action" time="0.003"/>
  <testcase classname="Followup.Medicaid.EMA" name="Action" time="0.003"/>
  <testcase classname="Followup.Medicaid.EMA" name="Action" time="0.004"/>
  <testcase classname="Followup.Medicaid.EMA" name="Action" time="0.004"/>
  <testcase classname="Followup.Medicaid.EMA" name="Action" time="0.004"/>
  <testcase classname="Followup.Medicaid.EMA" name="Action" time="0.003"/>
  <testcase classname="Followup.Medicaid.EMA" name="Action" time="0.004"/>
  <testcase classname="Followup.Medicaid.EMA" name="Action" time="0.004"/>
  <testcase classname="Followup.Medicaid.EMA" name="Action" time="0.003"/>
  <testcase classname="Followup.Medicaid.EMA" name="Action" time="0.004"/>
  <testcase classname="Followup.Medicaid.EMA" name="Action" time="0.004"/>
  <testcase classname="Followup.Medicaid.EMA" name="Action" time="0.003"/>
  <testcase classname="Followup.Medicaid.EMA" name="Action" time="0.002"/>
  <testcase classname="Followup.Medicaid.EMA" name="Action" time="0.002"/>
  <testcase classname="Followup.Medicaid.EMA" name="Action" time="0.003"/>
  <testcase classname="Followup.Medicaid.EMA" name="Action" time="0.004"/>
  <testcase classname="Followup.Medicaid.EMA" name="Action" time="0.003"/>
  <testcase classname="Followup.Medicaid.EMA" name="Action" time="0.005"/>
  <testcase classname="Followup.Medicaid.EMA" name="Action" time="0.003"/>
  <testcase classname="Followup.Medicaid.EMA" name="Action" time="0.004"/>
  <testcase classname="Followup.Medicaid.EMA" name="Action" time="0.005"/>
  <testcase classname="Followup.Medicaid.EMA" name="Action" time="0.003"/>
  <testcase classname="Followup.Medicaid.EMA" name="Action" time="0.004"/>
  <testcase classname="Followup.Medicaid.EMA" name="Action" time="0.003"/>
  <testcase classname="Followup.Medicaid.EMA" name="Action" time="0.003"/>
  <testcase classname="Followup.Medicaid.EMA" name="Action" time="0.003"/>
  <testcase classname="Followup.Medicaid.EMA" name="Action" time="0.003"/>
  <testcase classname="Followup.Medicaid.EMA" name="Action" time="0.003"/>
  <testcase classname="Followup.Medicaid.EMA" name="Action" time="0.003"/>
  <testcase classname="Followup.Medicaid.EMA" name="Action" time="0.004"/>
  <testcase classname="Followup.Medicaid.EMA" name="Action" time="0.003"/>
  <testcase classname="Followup.Medicaid.EMA" name="Action" time="0.003"/>
  <testcase classname="Followup.Medicaid.EMA" name="Action" time="0.004"/>
  <testcase classname="Followup.Medicaid.EMA" name="Action" time="0.004"/>
  <testcase classname="Followup.Medicaid.EMA" name="Action" time="0.003"/>
  <testcase classname="Followup.Medicaid.EMA" name="Action" time="0.004"/>
  <testcase classname="Followup.Medicaid.EMA" name="Action" time="0.004"/>
  <testcase classname="Followup.Medicaid.EMA" name="Action" time="0.003"/>
  <testcase classname="Followup.Medicaid.EMA" name="Action" time="0.003"/>
  <testcase classname="Followup.Medicaid.EMA" name="Action" time="0.004"/>
  <testcase classname="Followup.Medicaid.EMA" name="Action" time="0.004"/>
  <testcase classname="Followup.Medicaid.EMA" name="Action" time="0.003"/>
  <testcase classname="Followup.Medicaid.EMA" name="Action" time="0.002"/>
  <testcase classname="Followup.Medicaid.EMA" name="Action" time="0.003"/>
  <testcase classname="Followup.Medicaid.EMA" name="Action" time="0.003"/>
  <testcase classname="Followup.Medicaid.EMA" name="Action" time="0.003"/>
  <testcase classname="Followup.Medicaid.EMA" name="Action" time="0.002"/>
  <testcase classname="Followup.Medicaid.EMA" name="Action" time="0.005"/>
</testsuite> <!-- Default test -->
