<?xml version="1.0" encoding="UTF-8"?>
<testng-results ignored="0" total="77" passed="77" failed="0" skipped="0">
  <reporter-output>
  </reporter-output>
  <suite started-at="2020-07-17T12:43:05Z" name="Default suite" finished-at="2020-07-17T12:43:13Z" duration-ms="7674">
    <groups>
    </groups>
    <test started-at="2020-07-17T12:43:05Z" name="Default test" finished-at="2020-07-17T12:43:13Z" duration-ms="7674">
      <class name="Followup.Medicaid.EMA">
        <test-method signature="preRec()[pri:1, instance:Followup.Medicaid.EMA@55c8fc60]" started-at="2020-07-17T12:43:05Z" name="preRec" finished-at="2020-07-17T12:43:10Z" duration-ms="4668" status="PASS">
          <reporter-output>
          </reporter-output>
        </test-method> <!-- preRec -->
        <test-method is-config="true" signature="onTestFaliure(org.testng.ITestResult)[pri:0, instance:Followup.Medicaid.EMA@55c8fc60]" started-at="2020-07-17T12:43:10Z" name="onTestFaliure" finished-at="2020-07-17T12:43:10Z" duration-ms="6" status="PASS">
          <params>
            <param index="0">
              <value>
                <![CDATA[[TestResult name=preRec status=SUCCESS method=EMA.preRec()[pri:1, instance:Followup.Medicaid.EMA@55c8fc60] output={null}]]]>
              </value>
            </param>
          </params>
          <reporter-output>
          </reporter-output>
        </test-method> <!-- onTestFaliure -->
        <test-method signature="Action(java.lang.String, java.lang.String, java.lang.String, java.lang.String, java.lang.String, java.lang.String, java.lang.String, java.lang.String, java.lang.String, java.lang.String, java.lang.String, java.lang.String, java.lang.String, java.lang.String, java.lang.String, java.lang.String, java.lang.String, java.lang.String, java.lang.String, java.lang.String, java.lang.String, java.lang.String, java.lang.String, java.lang.String, java.lang.String, java.lang.String)[pri:2, instance:Followup.Medicaid.EMA@55c8fc60]" started-at="2020-07-17T12:43:12Z" name="Action" data-provider="get_print_data" finished-at="2020-07-17T12:43:12Z" duration-ms="8" status="PASS">
          <params>
            <param index="0">
              <value>
                <![CDATA[PRINE HEALTH MEDICAL GROUP, PLLC - 1199]]>
              </value>
            </param>
            <param index="1">
              <value>
                <![CDATA[PRINE HEALTH MEDICAL GROUP, PLLC]]>
              </value>
            </param>
            <param index="2">
              <value>
                <![CDATA[https://navinet.navimedix.com/sign-in?ReturnUrl=/]]>
              </value>
            </param>
            <param index="3">
              <value>
                <![CDATA[tnelson549]]>
              </value>
            </param>
            <param index="4">
              <value>
                <![CDATA[MD#Cure21015]]>
              </value>
            </param>
            <param index="5">
              <value>
                <![CDATA[1531]]>
              </value>
            </param>
            <param index="6">
              <value>
                <![CDATA[LEE, MICHAEL]]>
              </value>
            </param>
            <param index="7">
              <value>
                <![CDATA[12/17/1962]]>
              </value>
            </param>
            <param index="8">
              <value>
                <![CDATA[107935]]>
              </value>
            </param>
            <param index="9">
              <value>
                <![CDATA[4/1/2020]]>
              </value>
            </param>
            <param index="10">
              <value>
                <![CDATA[90961]]>
              </value>
            </param>
            <param index="11">
              <value>
                <![CDATA[N18.6]]>
              </value>
            </param>
            <param index="12">
              <value>
                <![CDATA[594]]>
              </value>
            </param>
            <param index="13">
              <value>
                <![CDATA[0]]>
              </value>
            </param>
            <param index="14">
              <value>
                <![CDATA[1199 NATIONAL BENEFIT FUND]]>
              </value>
            </param>
            <param index="15">
              <value>
                <![CDATA[5/8/2020]]>
              </value>
            </param>
            <param index="16">
              <value>
                <![CDATA[9007301778]]>
              </value>
            </param>
            <param index="17">
              <value>
                <![CDATA[NULL]]>
              </value>
            </param>
            <param index="18">
              <value>
                <![CDATA[PRIMARY]]>
              </value>
            </param>
            <param index="19">
              <value>
                <![CDATA[Cohen, Jeffrey]]>
              </value>
            </param>
            <param index="20">
              <value>
                <![CDATA[NSN LIJ Medical Center Dialysis]]>
              </value>
            </param>
            <param index="21">
              <value>
                <![CDATA[NO]]>
              </value>
            </param>
            <param index="22">
              <value>
                <![CDATA[]]>
              </value>
            </param>
            <param index="23">
              <value>
                <![CDATA[May  1 2020 10:04PM]]>
              </value>
            </param>
            <param index="24">
              <value>
                <![CDATA[SA, US]]>
              </value>
            </param>
            <param index="25">
              <value>
                <![CDATA[Login Failed]]>
              </value>
            </param>
          </params>
          <reporter-output>
          </reporter-output>
        </test-method> <!-- Action -->
        <test-method is-config="true" signature="onTestFaliure(org.testng.ITestResult)[pri:0, instance:Followup.Medicaid.EMA@55c8fc60]" started-at="2020-07-17T12:43:12Z" name="onTestFaliure" finished-at="2020-07-17T12:43:12Z" duration-ms="1" status="PASS">
          <params>
            <param index="0">
              <value>
                <![CDATA[[TestResult name=Action status=SUCCESS method=EMA.Action(java.lang.String, java.lang.String, java.lang.String, java.lang.String, java.lang.String, java.lang.String, java.lang.String, java.lang.String, java.lang.String, java.lang.String, java.lang.String, java.lang.String, java.lang.String, java.lang.String, java.lang.String, java.lang.String, java.lang.String, java.lang.String, java.lang.String, java.lang.String, java.lang.String, java.lang.String, java.lang.String, java.lang.String, java.lang.String, java.lang.String)[pri:2, instance:Followup.Medicaid.EMA@55c8fc60] output={null}]]]>
              </value>
            </param>
          </params>
          <reporter-output>
          </reporter-output>
        </test-method> <!-- onTestFaliure -->
        <test-method signature="Action(java.lang.String, java.lang.String, java.lang.String, java.lang.String, java.lang.String, java.lang.String, java.lang.String, java.lang.String, java.lang.String, java.lang.String, java.lang.String, java.lang.String, java.lang.String, java.lang.String, java.lang.String, java.lang.String, java.lang.String, java.lang.String, java.lang.String, java.lang.String, java.lang.String, java.lang.String, java.lang.String, java.lang.String, java.lang.String, java.lang.String)[pri:2, instance:Followup.Medicaid.EMA@55c8fc60]" started-at="2020-07-17T12:43:12Z" name="Action" data-provider="get_print_data" finished-at="2020-07-17T12:43:12Z" duration-ms="6" status="PASS">
          <params>
            <param index="0">
              <value>
                <![CDATA[PRINE HEALTH MEDICAL GROUP, PLLC - 1199]]>
              </value>
            </param>
            <param index="1">
              <value>
                <![CDATA[PRINE HEALTH MEDICAL GROUP, PLLC]]>
              </value>
            </param>
            <param index="2">
              <value>
                <![CDATA[https://navinet.navimedix.com/sign-in?ReturnUrl=/]]>
              </value>
            </param>
            <param index="3">
              <value>
                <![CDATA[tnelson549]]>
              </value>
            </param>
            <param index="4">
              <value>
                <![CDATA[MD#Cure21015]]>
              </value>
            </param>
            <param index="5">
              <value>
                <![CDATA[108070]]>
              </value>
            </param>
            <param index="6">
              <value>
                <![CDATA[SAENZ, TINA]]>
              </value>
            </param>
            <param index="7">
              <value>
                <![CDATA[12/16/1994]]>
              </value>
            </param>
            <param index="8">
              <value>
                <![CDATA[100358]]>
              </value>
            </param>
            <param index="9">
              <value>
                <![CDATA[4/17/2020]]>
              </value>
            </param>
            <param index="10">
              <value>
                <![CDATA[99204]]>
              </value>
            </param>
            <param index="11">
              <value>
                <![CDATA[N30.10, M54.5, E28.2]]>
              </value>
            </param>
            <param index="12">
              <value>
                <![CDATA[403]]>
              </value>
            </param>
            <param index="13">
              <value>
                <![CDATA[0]]>
              </value>
            </param>
            <param index="14">
              <value>
                <![CDATA[1199 NATIONAL BENEFIT FUND]]>
              </value>
            </param>
            <param index="15">
              <value>
                <![CDATA[5/7/2020]]>
              </value>
            </param>
            <param index="16">
              <value>
                <![CDATA[9006443254]]>
              </value>
            </param>
            <param index="17">
              <value>
                <![CDATA[NULL]]>
              </value>
            </param>
            <param index="18">
              <value>
                <![CDATA[PRIMARY]]>
              </value>
            </param>
            <param index="19">
              <value>
                <![CDATA[Freilich, Arielle]]>
              </value>
            </param>
            <param index="20">
              <value>
                <![CDATA[.PPC PRINE Primary Care A]]>
              </value>
            </param>
            <param index="21">
              <value>
                <![CDATA[NO]]>
              </value>
            </param>
            <param index="22">
              <value>
                <![CDATA[Working on EDI Rejection: Claim rejected due to missing or invalid subscriber ID. Now I have resubmitted the claim after updating the correct member ID through web portal. ES not fired any alert because eligibility was showing with old member ID as well. N|A]]>
              </value>
            </param>
            <param index="23">
              <value>
                <![CDATA[Apr 17 2020  3:40PM]]>
              </value>
            </param>
            <param index="24">
              <value>
                <![CDATA[USA, DMT]]>
              </value>
            </param>
            <param index="25">
              <value>
                <![CDATA[Login Failed]]>
              </value>
            </param>
          </params>
          <reporter-output>
          </reporter-output>
        </test-method> <!-- Action -->
        <test-method is-config="true" signature="onTestFaliure(org.testng.ITestResult)[pri:0, instance:Followup.Medicaid.EMA@55c8fc60]" started-at="2020-07-17T12:43:12Z" name="onTestFaliure" finished-at="2020-07-17T12:43:12Z" duration-ms="0" status="PASS">
          <params>
            <param index="0">
              <value>
                <![CDATA[[TestResult name=Action status=SUCCESS method=EMA.Action(java.lang.String, java.lang.String, java.lang.String, java.lang.String, java.lang.String, java.lang.String, java.lang.String, java.lang.String, java.lang.String, java.lang.String, java.lang.String, java.lang.String, java.lang.String, java.lang.String, java.lang.String, java.lang.String, java.lang.String, java.lang.String, java.lang.String, java.lang.String, java.lang.String, java.lang.String, java.lang.String, java.lang.String, java.lang.String, java.lang.String)[pri:2, instance:Followup.Medicaid.EMA@55c8fc60] output={null}]]]>
              </value>
            </param>
          </params>
          <reporter-output>
          </reporter-output>
        </test-method> <!-- onTestFaliure -->
        <test-method signature="Action(java.lang.String, java.lang.String, java.lang.String, java.lang.String, java.lang.String, java.lang.String, java.lang.String, java.lang.String, java.lang.String, java.lang.String, java.lang.String, java.lang.String, java.lang.String, java.lang.String, java.lang.String, java.lang.String, java.lang.String, java.lang.String, java.lang.String, java.lang.String, java.lang.String, java.lang.String, java.lang.String, java.lang.String, java.lang.String, java.lang.String)[pri:2, instance:Followup.Medicaid.EMA@55c8fc60]" started-at="2020-07-17T12:43:12Z" name="Action" data-provider="get_print_data" finished-at="2020-07-17T12:43:12Z" duration-ms="5" status="PASS">
          <params>
            <param index="0">
              <value>
                <![CDATA[PRINE HEALTH MEDICAL GROUP, PLLC - 1199]]>
              </value>
            </param>
            <param index="1">
              <value>
                <![CDATA[PRINE HEALTH MEDICAL GROUP, PLLC]]>
              </value>
            </param>
            <param index="2">
              <value>
                <![CDATA[https://navinet.navimedix.com/sign-in?ReturnUrl=/]]>
              </value>
            </param>
            <param index="3">
              <value>
                <![CDATA[tnelson549]]>
              </value>
            </param>
            <param index="4">
              <value>
                <![CDATA[MD#Cure21015]]>
              </value>
            </param>
            <param index="5">
              <value>
                <![CDATA[108432]]>
              </value>
            </param>
            <param index="6">
              <value>
                <![CDATA[MCPHERSON, ROSELYN]]>
              </value>
            </param>
            <param index="7">
              <value>
                <![CDATA[5/21/1974]]>
              </value>
            </param>
            <param index="8">
              <value>
                <![CDATA[106166]]>
              </value>
            </param>
            <param index="9">
              <value>
                <![CDATA[5/6/2020]]>
              </value>
            </param>
            <param index="10">
              <value>
                <![CDATA[99244, 81003]]>
              </value>
            </param>
            <param index="11">
              <value>
                <![CDATA[N28.1]]>
              </value>
            </param>
            <param index="12">
              <value>
                <![CDATA[470.62]]>
              </value>
            </param>
            <param index="13">
              <value>
                <![CDATA[0]]>
              </value>
            </param>
            <param index="14">
              <value>
                <![CDATA[1199 NATIONAL BENEFIT FUND]]>
              </value>
            </param>
            <param index="15">
              <value>
                <![CDATA[5/8/2020]]>
              </value>
            </param>
            <param index="16">
              <value>
                <![CDATA[9007574029]]>
              </value>
            </param>
            <param index="17">
              <value>
                <![CDATA[NULL]]>
              </value>
            </param>
            <param index="18">
              <value>
                <![CDATA[PRIMARY]]>
              </value>
            </param>
            <param index="19">
              <value>
                <![CDATA[Ali, Sayed]]>
              </value>
            </param>
            <param index="20">
              <value>
                <![CDATA[.NSN NORTH SHORE NEPHROLOGY]]>
              </value>
            </param>
            <param index="21">
              <value>
                <![CDATA[NO]]>
              </value>
            </param>
            <param index="22">
              <value>
                <![CDATA[Claim has been submitted to primary insurance for processing. N/A]]>
              </value>
            </param>
            <param index="23">
              <value>
                <![CDATA[May  6 2020  4:00PM]]>
              </value>
            </param>
            <param index="24">
              <value>
                <![CDATA[SA, US]]>
              </value>
            </param>
            <param index="25">
              <value>
                <![CDATA[Login Failed]]>
              </value>
            </param>
          </params>
          <reporter-output>
          </reporter-output>
        </test-method> <!-- Action -->
        <test-method is-config="true" signature="onTestFaliure(org.testng.ITestResult)[pri:0, instance:Followup.Medicaid.EMA@55c8fc60]" started-at="2020-07-17T12:43:12Z" name="onTestFaliure" finished-at="2020-07-17T12:43:12Z" duration-ms="0" status="PASS">
          <params>
            <param index="0">
              <value>
                <![CDATA[[TestResult name=Action status=SUCCESS method=EMA.Action(java.lang.String, java.lang.String, java.lang.String, java.lang.String, java.lang.String, java.lang.String, java.lang.String, java.lang.String, java.lang.String, java.lang.String, java.lang.String, java.lang.String, java.lang.String, java.lang.String, java.lang.String, java.lang.String, java.lang.String, java.lang.String, java.lang.String, java.lang.String, java.lang.String, java.lang.String, java.lang.String, java.lang.String, java.lang.String, java.lang.String)[pri:2, instance:Followup.Medicaid.EMA@55c8fc60] output={null}]]]>
              </value>
            </param>
          </params>
          <reporter-output>
          </reporter-output>
        </test-method> <!-- onTestFaliure -->
        <test-method signature="Action(java.lang.String, java.lang.String, java.lang.String, java.lang.String, java.lang.String, java.lang.String, java.lang.String, java.lang.String, java.lang.String, java.lang.String, java.lang.String, java.lang.String, java.lang.String, java.lang.String, java.lang.String, java.lang.String, java.lang.String, java.lang.String, java.lang.String, java.lang.String, java.lang.String, java.lang.String, java.lang.String, java.lang.String, java.lang.String, java.lang.String)[pri:2, instance:Followup.Medicaid.EMA@55c8fc60]" started-at="2020-07-17T12:43:12Z" name="Action" data-provider="get_print_data" finished-at="2020-07-17T12:43:12Z" duration-ms="5" status="PASS">
          <params>
            <param index="0">
              <value>
                <![CDATA[PRINE HEALTH MEDICAL GROUP, PLLC - 1199]]>
              </value>
            </param>
            <param index="1">
              <value>
                <![CDATA[PRINE HEALTH MEDICAL GROUP, PLLC]]>
              </value>
            </param>
            <param index="2">
              <value>
                <![CDATA[https://navinet.navimedix.com/sign-in?ReturnUrl=/]]>
              </value>
            </param>
            <param index="3">
              <value>
                <![CDATA[tnelson549]]>
              </value>
            </param>
            <param index="4">
              <value>
                <![CDATA[MD#Cure21015]]>
              </value>
            </param>
            <param index="5">
              <value>
                <![CDATA[108436]]>
              </value>
            </param>
            <param index="6">
              <value>
                <![CDATA[APPIAH CHIN, ALICIA]]>
              </value>
            </param>
            <param index="7">
              <value>
                <![CDATA[11/28/1988]]>
              </value>
            </param>
            <param index="8">
              <value>
                <![CDATA[105007]]>
              </value>
            </param>
            <param index="9">
              <value>
                <![CDATA[5/4/2020]]>
              </value>
            </param>
            <param index="10">
              <value>
                <![CDATA[99214]]>
              </value>
            </param>
            <param index="11">
              <value>
                <![CDATA[J45.20, R06.02, R07.89]]>
              </value>
            </param>
            <param index="12">
              <value>
                <![CDATA[267]]>
              </value>
            </param>
            <param index="13">
              <value>
                <![CDATA[0]]>
              </value>
            </param>
            <param index="14">
              <value>
                <![CDATA[1199 NATIONAL BENEFIT FUND]]>
              </value>
            </param>
            <param index="15">
              <value>
                <![CDATA[5/5/2020]]>
              </value>
            </param>
            <param index="16">
              <value>
                <![CDATA[9034767092]]>
              </value>
            </param>
            <param index="17">
              <value>
                <![CDATA[NULL]]>
              </value>
            </param>
            <param index="18">
              <value>
                <![CDATA[PRIMARY]]>
              </value>
            </param>
            <param index="19">
              <value>
                <![CDATA[Freilich, Arielle]]>
              </value>
            </param>
            <param index="20">
              <value>
                <![CDATA[.PPC PRINE Primary Care A]]>
              </value>
            </param>
            <param index="21">
              <value>
                <![CDATA[NO]]>
              </value>
            </param>
            <param index="22">
              <value>
                <![CDATA[]]>
              </value>
            </param>
            <param index="23">
              <value>
                <![CDATA[May  4 2020  3:00PM]]>
              </value>
            </param>
            <param index="24">
              <value>
                <![CDATA[SA, US]]>
              </value>
            </param>
            <param index="25">
              <value>
                <![CDATA[Login Failed]]>
              </value>
            </param>
          </params>
          <reporter-output>
          </reporter-output>
        </test-method> <!-- Action -->
        <test-method is-config="true" signature="onTestFaliure(org.testng.ITestResult)[pri:0, instance:Followup.Medicaid.EMA@55c8fc60]" started-at="2020-07-17T12:43:12Z" name="onTestFaliure" finished-at="2020-07-17T12:43:12Z" duration-ms="0" status="PASS">
          <params>
            <param index="0">
              <value>
                <![CDATA[[TestResult name=Action status=SUCCESS method=EMA.Action(java.lang.String, java.lang.String, java.lang.String, java.lang.String, java.lang.String, java.lang.String, java.lang.String, java.lang.String, java.lang.String, java.lang.String, java.lang.String, java.lang.String, java.lang.String, java.lang.String, java.lang.String, java.lang.String, java.lang.String, java.lang.String, java.lang.String, java.lang.String, java.lang.String, java.lang.String, java.lang.String, java.lang.String, java.lang.String, java.lang.String)[pri:2, instance:Followup.Medicaid.EMA@55c8fc60] output={null}]]]>
              </value>
            </param>
          </params>
          <reporter-output>
          </reporter-output>
        </test-method> <!-- onTestFaliure -->
        <test-method signature="Action(java.lang.String, java.lang.String, java.lang.String, java.lang.String, java.lang.String, java.lang.String, java.lang.String, java.lang.String, java.lang.String, java.lang.String, java.lang.String, java.lang.String, java.lang.String, java.lang.String, java.lang.String, java.lang.String, java.lang.String, java.lang.String, java.lang.String, java.lang.String, java.lang.String, java.lang.String, java.lang.String, java.lang.String, java.lang.String, java.lang.String)[pri:2, instance:Followup.Medicaid.EMA@55c8fc60]" started-at="2020-07-17T12:43:12Z" name="Action" data-provider="get_print_data" finished-at="2020-07-17T12:43:12Z" duration-ms="4" status="PASS">
          <params>
            <param index="0">
              <value>
                <![CDATA[PRINE HEALTH MEDICAL GROUP, PLLC - 1199]]>
              </value>
            </param>
            <param index="1">
              <value>
                <![CDATA[PRINE HEALTH MEDICAL GROUP, PLLC]]>
              </value>
            </param>
            <param index="2">
              <value>
                <![CDATA[https://navinet.navimedix.com/sign-in?ReturnUrl=/]]>
              </value>
            </param>
            <param index="3">
              <value>
                <![CDATA[tnelson549]]>
              </value>
            </param>
            <param index="4">
              <value>
                <![CDATA[MD#Cure21015]]>
              </value>
            </param>
            <param index="5">
              <value>
                <![CDATA[108471]]>
              </value>
            </param>
            <param index="6">
              <value>
                <![CDATA[TAVERAS, YOLANDA]]>
              </value>
            </param>
            <param index="7">
              <value>
                <![CDATA[8/5/1982]]>
              </value>
            </param>
            <param index="8">
              <value>
                <![CDATA[105004]]>
              </value>
            </param>
            <param index="9">
              <value>
                <![CDATA[5/4/2020]]>
              </value>
            </param>
            <param index="10">
              <value>
                <![CDATA[99205]]>
              </value>
            </param>
            <param index="11">
              <value>
                <![CDATA[U07.1, R06.00, R05]]>
              </value>
            </param>
            <param index="12">
              <value>
                <![CDATA[509]]>
              </value>
            </param>
            <param index="13">
              <value>
                <![CDATA[0]]>
              </value>
            </param>
            <param index="14">
              <value>
                <![CDATA[1199 NATIONAL BENEFIT FUND]]>
              </value>
            </param>
            <param index="15">
              <value>
                <![CDATA[5/5/2020]]>
              </value>
            </param>
            <param index="16">
              <value>
                <![CDATA[9800580449]]>
              </value>
            </param>
            <param index="17">
              <value>
                <![CDATA[NULL]]>
              </value>
            </param>
            <param index="18">
              <value>
                <![CDATA[PRIMARY]]>
              </value>
            </param>
            <param index="19">
              <value>
                <![CDATA[Freilich, Arielle]]>
              </value>
            </param>
            <param index="20">
              <value>
                <![CDATA[.PPC PRINE Primary Care A]]>
              </value>
            </param>
            <param index="21">
              <value>
                <![CDATA[NO]]>
              </value>
            </param>
            <param index="22">
              <value>
                <![CDATA[]]>
              </value>
            </param>
            <param index="23">
              <value>
                <![CDATA[May 11 2020 10:40AM]]>
              </value>
            </param>
            <param index="24">
              <value>
                <![CDATA[SA, US]]>
              </value>
            </param>
            <param index="25">
              <value>
                <![CDATA[Login Failed]]>
              </value>
            </param>
          </params>
          <reporter-output>
          </reporter-output>
        </test-method> <!-- Action -->
        <test-method is-config="true" signature="onTestFaliure(org.testng.ITestResult)[pri:0, instance:Followup.Medicaid.EMA@55c8fc60]" started-at="2020-07-17T12:43:12Z" name="onTestFaliure" finished-at="2020-07-17T12:43:12Z" duration-ms="0" status="PASS">
          <params>
            <param index="0">
              <value>
                <![CDATA[[TestResult name=Action status=SUCCESS method=EMA.Action(java.lang.String, java.lang.String, java.lang.String, java.lang.String, java.lang.String, java.lang.String, java.lang.String, java.lang.String, java.lang.String, java.lang.String, java.lang.String, java.lang.String, java.lang.String, java.lang.String, java.lang.String, java.lang.String, java.lang.String, java.lang.String, java.lang.String, java.lang.String, java.lang.String, java.lang.String, java.lang.String, java.lang.String, java.lang.String, java.lang.String)[pri:2, instance:Followup.Medicaid.EMA@55c8fc60] output={null}]]]>
              </value>
            </param>
          </params>
          <reporter-output>
          </reporter-output>
        </test-method> <!-- onTestFaliure -->
        <test-method signature="Action(java.lang.String, java.lang.String, java.lang.String, java.lang.String, java.lang.String, java.lang.String, java.lang.String, java.lang.String, java.lang.String, java.lang.String, java.lang.String, java.lang.String, java.lang.String, java.lang.String, java.lang.String, java.lang.String, java.lang.String, java.lang.String, java.lang.String, java.lang.String, java.lang.String, java.lang.String, java.lang.String, java.lang.String, java.lang.String, java.lang.String)[pri:2, instance:Followup.Medicaid.EMA@55c8fc60]" started-at="2020-07-17T12:43:12Z" name="Action" data-provider="get_print_data" finished-at="2020-07-17T12:43:12Z" duration-ms="4" status="PASS">
          <params>
            <param index="0">
              <value>
                <![CDATA[PRINE HEALTH MEDICAL GROUP, PLLC - 1199]]>
              </value>
            </param>
            <param index="1">
              <value>
                <![CDATA[PRINE HEALTH MEDICAL GROUP, PLLC]]>
              </value>
            </param>
            <param index="2">
              <value>
                <![CDATA[https://navinet.navimedix.com/sign-in?ReturnUrl=/]]>
              </value>
            </param>
            <param index="3">
              <value>
                <![CDATA[tnelson549]]>
              </value>
            </param>
            <param index="4">
              <value>
                <![CDATA[MD#Cure21015]]>
              </value>
            </param>
            <param index="5">
              <value>
                <![CDATA[108518]]>
              </value>
            </param>
            <param index="6">
              <value>
                <![CDATA[CABRAL, EVELYN]]>
              </value>
            </param>
            <param index="7">
              <value>
                <![CDATA[6/19/1983]]>
              </value>
            </param>
            <param index="8">
              <value>
                <![CDATA[106538]]>
              </value>
            </param>
            <param index="9">
              <value>
                <![CDATA[5/5/2020]]>
              </value>
            </param>
            <param index="10">
              <value>
                <![CDATA[99204]]>
              </value>
            </param>
            <param index="11">
              <value>
                <![CDATA[G47.00, Z87.11, D50.8, F41.9]]>
              </value>
            </param>
            <param index="12">
              <value>
                <![CDATA[403]]>
              </value>
            </param>
            <param index="13">
              <value>
                <![CDATA[0]]>
              </value>
            </param>
            <param index="14">
              <value>
                <![CDATA[1199 NATIONAL BENEFIT FUND]]>
              </value>
            </param>
            <param index="15">
              <value>
                <![CDATA[5/8/2020]]>
              </value>
            </param>
            <param index="16">
              <value>
                <![CDATA[9800380035]]>
              </value>
            </param>
            <param index="17">
              <value>
                <![CDATA[NULL]]>
              </value>
            </param>
            <param index="18">
              <value>
                <![CDATA[PRIMARY]]>
              </value>
            </param>
            <param index="19">
              <value>
                <![CDATA[Freilich, Arielle]]>
              </value>
            </param>
            <param index="20">
              <value>
                <![CDATA[.PPC PRINE Primary Care A]]>
              </value>
            </param>
            <param index="21">
              <value>
                <![CDATA[NO]]>
              </value>
            </param>
            <param index="22">
              <value>
                <![CDATA[]]>
              </value>
            </param>
            <param index="23">
              <value>
                <![CDATA[May 19 2020 12:00AM]]>
              </value>
            </param>
            <param index="24">
              <value>
                <![CDATA[SA, US]]>
              </value>
            </param>
            <param index="25">
              <value>
                <![CDATA[Login Failed]]>
              </value>
            </param>
          </params>
          <reporter-output>
          </reporter-output>
        </test-method> <!-- Action -->
        <test-method is-config="true" signature="onTestFaliure(org.testng.ITestResult)[pri:0, instance:Followup.Medicaid.EMA@55c8fc60]" started-at="2020-07-17T12:43:12Z" name="onTestFaliure" finished-at="2020-07-17T12:43:12Z" duration-ms="1" status="PASS">
          <params>
            <param index="0">
              <value>
                <![CDATA[[TestResult name=Action status=SUCCESS method=EMA.Action(java.lang.String, java.lang.String, java.lang.String, java.lang.String, java.lang.String, java.lang.String, java.lang.String, java.lang.String, java.lang.String, java.lang.String, java.lang.String, java.lang.String, java.lang.String, java.lang.String, java.lang.String, java.lang.String, java.lang.String, java.lang.String, java.lang.String, java.lang.String, java.lang.String, java.lang.String, java.lang.String, java.lang.String, java.lang.String, java.lang.String)[pri:2, instance:Followup.Medicaid.EMA@55c8fc60] output={null}]]]>
              </value>
            </param>
          </params>
          <reporter-output>
          </reporter-output>
        </test-method> <!-- onTestFaliure -->
        <test-method signature="Action(java.lang.String, java.lang.String, java.lang.String, java.lang.String, java.lang.String, java.lang.String, java.lang.String, java.lang.String, java.lang.String, java.lang.String, java.lang.String, java.lang.String, java.lang.String, java.lang.String, java.lang.String, java.lang.String, java.lang.String, java.lang.String, java.lang.String, java.lang.String, java.lang.String, java.lang.String, java.lang.String, java.lang.String, java.lang.String, java.lang.String)[pri:2, instance:Followup.Medicaid.EMA@55c8fc60]" started-at="2020-07-17T12:43:12Z" name="Action" data-provider="get_print_data" finished-at="2020-07-17T12:43:12Z" duration-ms="4" status="PASS">
          <params>
            <param index="0">
              <value>
                <![CDATA[PRINE HEALTH MEDICAL GROUP, PLLC - 1199]]>
              </value>
            </param>
            <param index="1">
              <value>
                <![CDATA[PRINE HEALTH MEDICAL GROUP, PLLC]]>
              </value>
            </param>
            <param index="2">
              <value>
                <![CDATA[https://navinet.navimedix.com/sign-in?ReturnUrl=/]]>
              </value>
            </param>
            <param index="3">
              <value>
                <![CDATA[tnelson549]]>
              </value>
            </param>
            <param index="4">
              <value>
                <![CDATA[MD#Cure21015]]>
              </value>
            </param>
            <param index="5">
              <value>
                <![CDATA[1244]]>
              </value>
            </param>
            <param index="6">
              <value>
                <![CDATA[ABRAHAM, JAMES]]>
              </value>
            </param>
            <param index="7">
              <value>
                <![CDATA[2/4/1953]]>
              </value>
            </param>
            <param index="8">
              <value>
                <![CDATA[92107]]>
              </value>
            </param>
            <param index="9">
              <value>
                <![CDATA[4/27/2020]]>
              </value>
            </param>
            <param index="10">
              <value>
                <![CDATA[99214]]>
              </value>
            </param>
            <param index="11">
              <value>
                <![CDATA[N18.2, N18.2, N18.2, N18.2, E11.9, E11.9, E11.9, E11.9, E11.9, E11.9, E11.9, E11.9, E11.9, I10, I10, I10, I10, I10, I10, I10, I10, I10, I10, I10]]>
              </value>
            </param>
            <param index="12">
              <value>
                <![CDATA[267]]>
              </value>
            </param>
            <param index="13">
              <value>
                <![CDATA[0]]>
              </value>
            </param>
            <param index="14">
              <value>
                <![CDATA[1199 NATIONAL BENEFIT FUND]]>
              </value>
            </param>
            <param index="15">
              <value>
                <![CDATA[4/29/2020]]>
              </value>
            </param>
            <param index="16">
              <value>
                <![CDATA[9004738867]]>
              </value>
            </param>
            <param index="17">
              <value>
                <![CDATA[5/29/2020]]>
              </value>
            </param>
            <param index="18">
              <value>
                <![CDATA[PRIMARY]]>
              </value>
            </param>
            <param index="19">
              <value>
                <![CDATA[Cohen, Jeffrey]]>
              </value>
            </param>
            <param index="20">
              <value>
                <![CDATA[.NSN NORTH SHORE NEPHROLOGY]]>
              </value>
            </param>
            <param index="21">
              <value>
                <![CDATA[NO]]>
              </value>
            </param>
            <param index="22">
              <value>
                <![CDATA[]]>
              </value>
            </param>
            <param index="23">
              <value>
                <![CDATA[May 27 2020  9:44AM]]>
              </value>
            </param>
            <param index="24">
              <value>
                <![CDATA[SA, US]]>
              </value>
            </param>
            <param index="25">
              <value>
                <![CDATA[Login Failed]]>
              </value>
            </param>
          </params>
          <reporter-output>
          </reporter-output>
        </test-method> <!-- Action -->
        <test-method is-config="true" signature="onTestFaliure(org.testng.ITestResult)[pri:0, instance:Followup.Medicaid.EMA@55c8fc60]" started-at="2020-07-17T12:43:12Z" name="onTestFaliure" finished-at="2020-07-17T12:43:12Z" duration-ms="1" status="PASS">
          <params>
            <param index="0">
              <value>
                <![CDATA[[TestResult name=Action status=SUCCESS method=EMA.Action(java.lang.String, java.lang.String, java.lang.String, java.lang.String, java.lang.String, java.lang.String, java.lang.String, java.lang.String, java.lang.String, java.lang.String, java.lang.String, java.lang.String, java.lang.String, java.lang.String, java.lang.String, java.lang.String, java.lang.String, java.lang.String, java.lang.String, java.lang.String, java.lang.String, java.lang.String, java.lang.String, java.lang.String, java.lang.String, java.lang.String)[pri:2, instance:Followup.Medicaid.EMA@55c8fc60] output={null}]]]>
              </value>
            </param>
          </params>
          <reporter-output>
          </reporter-output>
        </test-method> <!-- onTestFaliure -->
        <test-method signature="Action(java.lang.String, java.lang.String, java.lang.String, java.lang.String, java.lang.String, java.lang.String, java.lang.String, java.lang.String, java.lang.String, java.lang.String, java.lang.String, java.lang.String, java.lang.String, java.lang.String, java.lang.String, java.lang.String, java.lang.String, java.lang.String, java.lang.String, java.lang.String, java.lang.String, java.lang.String, java.lang.String, java.lang.String, java.lang.String, java.lang.String)[pri:2, instance:Followup.Medicaid.EMA@55c8fc60]" started-at="2020-07-17T12:43:12Z" name="Action" data-provider="get_print_data" finished-at="2020-07-17T12:43:12Z" duration-ms="3" status="PASS">
          <params>
            <param index="0">
              <value>
                <![CDATA[PRINE HEALTH MEDICAL GROUP, PLLC - 1199]]>
              </value>
            </param>
            <param index="1">
              <value>
                <![CDATA[PRINE HEALTH MEDICAL GROUP, PLLC]]>
              </value>
            </param>
            <param index="2">
              <value>
                <![CDATA[https://navinet.navimedix.com/sign-in?ReturnUrl=/]]>
              </value>
            </param>
            <param index="3">
              <value>
                <![CDATA[tnelson549]]>
              </value>
            </param>
            <param index="4">
              <value>
                <![CDATA[MD#Cure21015]]>
              </value>
            </param>
            <param index="5">
              <value>
                <![CDATA[1244]]>
              </value>
            </param>
            <param index="6">
              <value>
                <![CDATA[ABRAHAM, JAMES]]>
              </value>
            </param>
            <param index="7">
              <value>
                <![CDATA[2/4/1953]]>
              </value>
            </param>
            <param index="8">
              <value>
                <![CDATA[103835]]>
              </value>
            </param>
            <param index="9">
              <value>
                <![CDATA[4/27/2020]]>
              </value>
            </param>
            <param index="10">
              <value>
                <![CDATA[99453]]>
              </value>
            </param>
            <param index="11">
              <value>
                <![CDATA[I10, E11.9]]>
              </value>
            </param>
            <param index="12">
              <value>
                <![CDATA[44]]>
              </value>
            </param>
            <param index="13">
              <value>
                <![CDATA[0]]>
              </value>
            </param>
            <param index="14">
              <value>
                <![CDATA[1199 NATIONAL BENEFIT FUND]]>
              </value>
            </param>
            <param index="15">
              <value>
                <![CDATA[4/30/2020]]>
              </value>
            </param>
            <param index="16">
              <value>
                <![CDATA[9004738867]]>
              </value>
            </param>
            <param index="17">
              <value>
                <![CDATA[5/29/2020]]>
              </value>
            </param>
            <param index="18">
              <value>
                <![CDATA[PRIMARY]]>
              </value>
            </param>
            <param index="19">
              <value>
                <![CDATA[Cohen, Jeffrey]]>
              </value>
            </param>
            <param index="20">
              <value>
                <![CDATA[.NSN NORTH SHORE NEPHROLOGY]]>
              </value>
            </param>
            <param index="21">
              <value>
                <![CDATA[NO]]>
              </value>
            </param>
            <param index="22">
              <value>
                <![CDATA[]]>
              </value>
            </param>
            <param index="23">
              <value>
                <![CDATA[May 27 2020  9:44AM]]>
              </value>
            </param>
            <param index="24">
              <value>
                <![CDATA[SA, US]]>
              </value>
            </param>
            <param index="25">
              <value>
                <![CDATA[Login Failed]]>
              </value>
            </param>
          </params>
          <reporter-output>
          </reporter-output>
        </test-method> <!-- Action -->
        <test-method is-config="true" signature="onTestFaliure(org.testng.ITestResult)[pri:0, instance:Followup.Medicaid.EMA@55c8fc60]" started-at="2020-07-17T12:43:12Z" name="onTestFaliure" finished-at="2020-07-17T12:43:12Z" duration-ms="0" status="PASS">
          <params>
            <param index="0">
              <value>
                <![CDATA[[TestResult name=Action status=SUCCESS method=EMA.Action(java.lang.String, java.lang.String, java.lang.String, java.lang.String, java.lang.String, java.lang.String, java.lang.String, java.lang.String, java.lang.String, java.lang.String, java.lang.String, java.lang.String, java.lang.String, java.lang.String, java.lang.String, java.lang.String, java.lang.String, java.lang.String, java.lang.String, java.lang.String, java.lang.String, java.lang.String, java.lang.String, java.lang.String, java.lang.String, java.lang.String)[pri:2, instance:Followup.Medicaid.EMA@55c8fc60] output={null}]]]>
              </value>
            </param>
          </params>
          <reporter-output>
          </reporter-output>
        </test-method> <!-- onTestFaliure -->
        <test-method signature="Action(java.lang.String, java.lang.String, java.lang.String, java.lang.String, java.lang.String, java.lang.String, java.lang.String, java.lang.String, java.lang.String, java.lang.String, java.lang.String, java.lang.String, java.lang.String, java.lang.String, java.lang.String, java.lang.String, java.lang.String, java.lang.String, java.lang.String, java.lang.String, java.lang.String, java.lang.String, java.lang.String, java.lang.String, java.lang.String, java.lang.String)[pri:2, instance:Followup.Medicaid.EMA@55c8fc60]" started-at="2020-07-17T12:43:12Z" name="Action" data-provider="get_print_data" finished-at="2020-07-17T12:43:12Z" duration-ms="4" status="PASS">
          <params>
            <param index="0">
              <value>
                <![CDATA[PRINE HEALTH MEDICAL GROUP, PLLC - 1199]]>
              </value>
            </param>
            <param index="1">
              <value>
                <![CDATA[PRINE HEALTH MEDICAL GROUP, PLLC]]>
              </value>
            </param>
            <param index="2">
              <value>
                <![CDATA[https://navinet.navimedix.com/sign-in?ReturnUrl=/]]>
              </value>
            </param>
            <param index="3">
              <value>
                <![CDATA[tnelson549]]>
              </value>
            </param>
            <param index="4">
              <value>
                <![CDATA[MD#Cure21015]]>
              </value>
            </param>
            <param index="5">
              <value>
                <![CDATA[13037]]>
              </value>
            </param>
            <param index="6">
              <value>
                <![CDATA[JEAN, PIERRE]]>
              </value>
            </param>
            <param index="7">
              <value>
                <![CDATA[10/18/1951]]>
              </value>
            </param>
            <param index="8">
              <value>
                <![CDATA[107923]]>
              </value>
            </param>
            <param index="9">
              <value>
                <![CDATA[4/1/2020]]>
              </value>
            </param>
            <param index="10">
              <value>
                <![CDATA[90961]]>
              </value>
            </param>
            <param index="11">
              <value>
                <![CDATA[N18.6]]>
              </value>
            </param>
            <param index="12">
              <value>
                <![CDATA[594]]>
              </value>
            </param>
            <param index="13">
              <value>
                <![CDATA[0]]>
              </value>
            </param>
            <param index="14">
              <value>
                <![CDATA[1199 NATIONAL BENEFIT FUND]]>
              </value>
            </param>
            <param index="15">
              <value>
                <![CDATA[5/8/2020]]>
              </value>
            </param>
            <param index="16">
              <value>
                <![CDATA[9006819112]]>
              </value>
            </param>
            <param index="17">
              <value>
                <![CDATA[NULL]]>
              </value>
            </param>
            <param index="18">
              <value>
                <![CDATA[PRIMARY]]>
              </value>
            </param>
            <param index="19">
              <value>
                <![CDATA[Cohen, Jeffrey]]>
              </value>
            </param>
            <param index="20">
              <value>
                <![CDATA[NSN LIJ Medical Center Dialysis]]>
              </value>
            </param>
            <param index="21">
              <value>
                <![CDATA[NO]]>
              </value>
            </param>
            <param index="22">
              <value>
                <![CDATA[]]>
              </value>
            </param>
            <param index="23">
              <value>
                <![CDATA[May  1 2020  9:39PM]]>
              </value>
            </param>
            <param index="24">
              <value>
                <![CDATA[SA, US]]>
              </value>
            </param>
            <param index="25">
              <value>
                <![CDATA[Login Failed]]>
              </value>
            </param>
          </params>
          <reporter-output>
          </reporter-output>
        </test-method> <!-- Action -->
        <test-method is-config="true" signature="onTestFaliure(org.testng.ITestResult)[pri:0, instance:Followup.Medicaid.EMA@55c8fc60]" started-at="2020-07-17T12:43:12Z" name="onTestFaliure" finished-at="2020-07-17T12:43:12Z" duration-ms="1" status="PASS">
          <params>
            <param index="0">
              <value>
                <![CDATA[[TestResult name=Action status=SUCCESS method=EMA.Action(java.lang.String, java.lang.String, java.lang.String, java.lang.String, java.lang.String, java.lang.String, java.lang.String, java.lang.String, java.lang.String, java.lang.String, java.lang.String, java.lang.String, java.lang.String, java.lang.String, java.lang.String, java.lang.String, java.lang.String, java.lang.String, java.lang.String, java.lang.String, java.lang.String, java.lang.String, java.lang.String, java.lang.String, java.lang.String, java.lang.String)[pri:2, instance:Followup.Medicaid.EMA@55c8fc60] output={null}]]]>
              </value>
            </param>
          </params>
          <reporter-output>
          </reporter-output>
        </test-method> <!-- onTestFaliure -->
        <test-method signature="Action(java.lang.String, java.lang.String, java.lang.String, java.lang.String, java.lang.String, java.lang.String, java.lang.String, java.lang.String, java.lang.String, java.lang.String, java.lang.String, java.lang.String, java.lang.String, java.lang.String, java.lang.String, java.lang.String, java.lang.String, java.lang.String, java.lang.String, java.lang.String, java.lang.String, java.lang.String, java.lang.String, java.lang.String, java.lang.String, java.lang.String)[pri:2, instance:Followup.Medicaid.EMA@55c8fc60]" started-at="2020-07-17T12:43:12Z" name="Action" data-provider="get_print_data" finished-at="2020-07-17T12:43:12Z" duration-ms="6" status="PASS">
          <params>
            <param index="0">
              <value>
                <![CDATA[MARGARET SAFO MD PC - 1199]]>
              </value>
            </param>
            <param index="1">
              <value>
                <![CDATA[MARGARET SAFO MD PC]]>
              </value>
            </param>
            <param index="2">
              <value>
                <![CDATA[https://navinet.navimedix.com/sign-in?ReturnUrl=/]]>
              </value>
            </param>
            <param index="3">
              <value>
                <![CDATA[mmprempeh]]>
              </value>
            </param>
            <param index="4">
              <value>
                <![CDATA[safo2045!]]>
              </value>
            </param>
            <param index="5">
              <value>
                <![CDATA[1959]]>
              </value>
            </param>
            <param index="6">
              <value>
                <![CDATA[BOWEN, AMBER]]>
              </value>
            </param>
            <param index="7">
              <value>
                <![CDATA[1/14/2006]]>
              </value>
            </param>
            <param index="8">
              <value>
                <![CDATA[128007]]>
              </value>
            </param>
            <param index="9">
              <value>
                <![CDATA[1/9/2020]]>
              </value>
            </param>
            <param index="10">
              <value>
                <![CDATA[99213]]>
              </value>
            </param>
            <param index="11">
              <value>
                <![CDATA[R42]]>
              </value>
            </param>
            <param index="12">
              <value>
                <![CDATA[120]]>
              </value>
            </param>
            <param index="13">
              <value>
                <![CDATA[0]]>
              </value>
            </param>
            <param index="14">
              <value>
                <![CDATA[LOCAL 1199NBF]]>
              </value>
            </param>
            <param index="15">
              <value>
                <![CDATA[5/1/2020]]>
              </value>
            </param>
            <param index="16">
              <value>
                <![CDATA[9002365696]]>
              </value>
            </param>
            <param index="17">
              <value>
                <![CDATA[4/27/2020]]>
              </value>
            </param>
            <param index="18">
              <value>
                <![CDATA[PRIMARY]]>
              </value>
            </param>
            <param index="19">
              <value>
                <![CDATA[Safo, Margaret]]>
              </value>
            </param>
            <param index="20">
              <value>
                <![CDATA[FAR ROCKAWAY]]>
              </value>
            </param>
            <param index="21">
              <value>
                <![CDATA[NO]]>
              </value>
            </param>
            <param index="22">
              <value>
                <![CDATA[1199 denied the claim due to COB issue under ID 9005262780. I have rebilled the claim under ID 9002365696  as a primary as per patients request. N/A]]>
              </value>
            </param>
            <param index="23">
              <value>
                <![CDATA[Jan  9 2020  3:15PM]]>
              </value>
            </param>
            <param index="24">
              <value>
                <![CDATA[RD, DMT]]>
              </value>
            </param>
            <param index="25">
              <value>
                <![CDATA[Login Failed]]>
              </value>
            </param>
          </params>
          <reporter-output>
          </reporter-output>
        </test-method> <!-- Action -->
        <test-method is-config="true" signature="onTestFaliure(org.testng.ITestResult)[pri:0, instance:Followup.Medicaid.EMA@55c8fc60]" started-at="2020-07-17T12:43:12Z" name="onTestFaliure" finished-at="2020-07-17T12:43:12Z" duration-ms="1" status="PASS">
          <params>
            <param index="0">
              <value>
                <![CDATA[[TestResult name=Action status=SUCCESS method=EMA.Action(java.lang.String, java.lang.String, java.lang.String, java.lang.String, java.lang.String, java.lang.String, java.lang.String, java.lang.String, java.lang.String, java.lang.String, java.lang.String, java.lang.String, java.lang.String, java.lang.String, java.lang.String, java.lang.String, java.lang.String, java.lang.String, java.lang.String, java.lang.String, java.lang.String, java.lang.String, java.lang.String, java.lang.String, java.lang.String, java.lang.String)[pri:2, instance:Followup.Medicaid.EMA@55c8fc60] output={null}]]]>
              </value>
            </param>
          </params>
          <reporter-output>
          </reporter-output>
        </test-method> <!-- onTestFaliure -->
        <test-method signature="Action(java.lang.String, java.lang.String, java.lang.String, java.lang.String, java.lang.String, java.lang.String, java.lang.String, java.lang.String, java.lang.String, java.lang.String, java.lang.String, java.lang.String, java.lang.String, java.lang.String, java.lang.String, java.lang.String, java.lang.String, java.lang.String, java.lang.String, java.lang.String, java.lang.String, java.lang.String, java.lang.String, java.lang.String, java.lang.String, java.lang.String)[pri:2, instance:Followup.Medicaid.EMA@55c8fc60]" started-at="2020-07-17T12:43:12Z" name="Action" data-provider="get_print_data" finished-at="2020-07-17T12:43:12Z" duration-ms="5" status="PASS">
          <params>
            <param index="0">
              <value>
                <![CDATA[MARGARET SAFO MD PC - 1199]]>
              </value>
            </param>
            <param index="1">
              <value>
                <![CDATA[MARGARET SAFO MD PC]]>
              </value>
            </param>
            <param index="2">
              <value>
                <![CDATA[https://navinet.navimedix.com/sign-in?ReturnUrl=/]]>
              </value>
            </param>
            <param index="3">
              <value>
                <![CDATA[mmprempeh]]>
              </value>
            </param>
            <param index="4">
              <value>
                <![CDATA[safo2045!]]>
              </value>
            </param>
            <param index="5">
              <value>
                <![CDATA[3302]]>
              </value>
            </param>
            <param index="6">
              <value>
                <![CDATA[DONKOR, LESLIE]]>
              </value>
            </param>
            <param index="7">
              <value>
                <![CDATA[3/22/2005]]>
              </value>
            </param>
            <param index="8">
              <value>
                <![CDATA[126549]]>
              </value>
            </param>
            <param index="9">
              <value>
                <![CDATA[11/2/2019]]>
              </value>
            </param>
            <param index="10">
              <value>
                <![CDATA[99394, 90460, 90686, S9470]]>
              </value>
            </param>
            <param index="11">
              <value>
                <![CDATA[Z23, Z00.129, Z01.89, Z68.52]]>
              </value>
            </param>
            <param index="12">
              <value>
                <![CDATA[25]]>
              </value>
            </param>
            <param index="13">
              <value>
                <![CDATA[0]]>
              </value>
            </param>
            <param index="14">
              <value>
                <![CDATA[LOCAL 1199NBF]]>
              </value>
            </param>
            <param index="15">
              <value>
                <![CDATA[12/12/2019]]>
              </value>
            </param>
            <param index="16">
              <value>
                <![CDATA[9007998244]]>
              </value>
            </param>
            <param index="17">
              <value>
                <![CDATA[12/27/2019]]>
              </value>
            </param>
            <param index="18">
              <value>
                <![CDATA[PRIMARY]]>
              </value>
            </param>
            <param index="19">
              <value>
                <![CDATA[Safo, Margaret]]>
              </value>
            </param>
            <param index="20">
              <value>
                <![CDATA[FAR ROCKAWAY]]>
              </value>
            </param>
            <param index="21">
              <value>
                <![CDATA[NO]]>
              </value>
            </param>
            <param index="22">
              <value>
                <![CDATA[]]>
              </value>
            </param>
            <param index="23">
              <value>
                <![CDATA[Feb  3 2020 11:15AM]]>
              </value>
            </param>
            <param index="24">
              <value>
                <![CDATA[Billing, Cure]]>
              </value>
            </param>
            <param index="25">
              <value>
                <![CDATA[Login Failed]]>
              </value>
            </param>
          </params>
          <reporter-output>
          </reporter-output>
        </test-method> <!-- Action -->
        <test-method is-config="true" signature="onTestFaliure(org.testng.ITestResult)[pri:0, instance:Followup.Medicaid.EMA@55c8fc60]" started-at="2020-07-17T12:43:12Z" name="onTestFaliure" finished-at="2020-07-17T12:43:12Z" duration-ms="0" status="PASS">
          <params>
            <param index="0">
              <value>
                <![CDATA[[TestResult name=Action status=SUCCESS method=EMA.Action(java.lang.String, java.lang.String, java.lang.String, java.lang.String, java.lang.String, java.lang.String, java.lang.String, java.lang.String, java.lang.String, java.lang.String, java.lang.String, java.lang.String, java.lang.String, java.lang.String, java.lang.String, java.lang.String, java.lang.String, java.lang.String, java.lang.String, java.lang.String, java.lang.String, java.lang.String, java.lang.String, java.lang.String, java.lang.String, java.lang.String)[pri:2, instance:Followup.Medicaid.EMA@55c8fc60] output={null}]]]>
              </value>
            </param>
          </params>
          <reporter-output>
          </reporter-output>
        </test-method> <!-- onTestFaliure -->
        <test-method signature="Action(java.lang.String, java.lang.String, java.lang.String, java.lang.String, java.lang.String, java.lang.String, java.lang.String, java.lang.String, java.lang.String, java.lang.String, java.lang.String, java.lang.String, java.lang.String, java.lang.String, java.lang.String, java.lang.String, java.lang.String, java.lang.String, java.lang.String, java.lang.String, java.lang.String, java.lang.String, java.lang.String, java.lang.String, java.lang.String, java.lang.String)[pri:2, instance:Followup.Medicaid.EMA@55c8fc60]" started-at="2020-07-17T12:43:12Z" name="Action" data-provider="get_print_data" finished-at="2020-07-17T12:43:12Z" duration-ms="6" status="PASS">
          <params>
            <param index="0">
              <value>
                <![CDATA[MARGARET SAFO MD PC - 1199]]>
              </value>
            </param>
            <param index="1">
              <value>
                <![CDATA[MARGARET SAFO MD PC]]>
              </value>
            </param>
            <param index="2">
              <value>
                <![CDATA[https://navinet.navimedix.com/sign-in?ReturnUrl=/]]>
              </value>
            </param>
            <param index="3">
              <value>
                <![CDATA[mmprempeh]]>
              </value>
            </param>
            <param index="4">
              <value>
                <![CDATA[safo2045!]]>
              </value>
            </param>
            <param index="5">
              <value>
                <![CDATA[4221]]>
              </value>
            </param>
            <param index="6">
              <value>
                <![CDATA[DONKOR, NANA EFFAH]]>
              </value>
            </param>
            <param index="7">
              <value>
                <![CDATA[1/23/2009]]>
              </value>
            </param>
            <param index="8">
              <value>
                <![CDATA[126550]]>
              </value>
            </param>
            <param index="9">
              <value>
                <![CDATA[11/2/2019]]>
              </value>
            </param>
            <param index="10">
              <value>
                <![CDATA[99393, 90460, 90461, 90686, 90651, 90715, S9470]]>
              </value>
            </param>
            <param index="11">
              <value>
                <![CDATA[Z23, Z00.129, Z68.52, Z01.89]]>
              </value>
            </param>
            <param index="12">
              <value>
                <![CDATA[768.06]]>
              </value>
            </param>
            <param index="13">
              <value>
                <![CDATA[0]]>
              </value>
            </param>
            <param index="14">
              <value>
                <![CDATA[LOCAL 1199NBF]]>
              </value>
            </param>
            <param index="15">
              <value>
                <![CDATA[12/12/2019]]>
              </value>
            </param>
            <param index="16">
              <value>
                <![CDATA[9007998244]]>
              </value>
            </param>
            <param index="17">
              <value>
                <![CDATA[1/22/2020]]>
              </value>
            </param>
            <param index="18">
              <value>
                <![CDATA[PRIMARY]]>
              </value>
            </param>
            <param index="19">
              <value>
                <![CDATA[Safo, Margaret]]>
              </value>
            </param>
            <param index="20">
              <value>
                <![CDATA[FAR ROCKAWAY]]>
              </value>
            </param>
            <param index="21">
              <value>
                <![CDATA[NO]]>
              </value>
            </param>
            <param index="22">
              <value>
                <![CDATA[]]>
              </value>
            </param>
            <param index="23">
              <value>
                <![CDATA[Mar  5 2020  1:15PM]]>
              </value>
            </param>
            <param index="24">
              <value>
                <![CDATA[Billing, Cure]]>
              </value>
            </param>
            <param index="25">
              <value>
                <![CDATA[Login Failed]]>
              </value>
            </param>
          </params>
          <reporter-output>
          </reporter-output>
        </test-method> <!-- Action -->
        <test-method is-config="true" signature="onTestFaliure(org.testng.ITestResult)[pri:0, instance:Followup.Medicaid.EMA@55c8fc60]" started-at="2020-07-17T12:43:12Z" name="onTestFaliure" finished-at="2020-07-17T12:43:12Z" duration-ms="0" status="PASS">
          <params>
            <param index="0">
              <value>
                <![CDATA[[TestResult name=Action status=SUCCESS method=EMA.Action(java.lang.String, java.lang.String, java.lang.String, java.lang.String, java.lang.String, java.lang.String, java.lang.String, java.lang.String, java.lang.String, java.lang.String, java.lang.String, java.lang.String, java.lang.String, java.lang.String, java.lang.String, java.lang.String, java.lang.String, java.lang.String, java.lang.String, java.lang.String, java.lang.String, java.lang.String, java.lang.String, java.lang.String, java.lang.String, java.lang.String)[pri:2, instance:Followup.Medicaid.EMA@55c8fc60] output={null}]]]>
              </value>
            </param>
          </params>
          <reporter-output>
          </reporter-output>
        </test-method> <!-- onTestFaliure -->
        <test-method signature="Action(java.lang.String, java.lang.String, java.lang.String, java.lang.String, java.lang.String, java.lang.String, java.lang.String, java.lang.String, java.lang.String, java.lang.String, java.lang.String, java.lang.String, java.lang.String, java.lang.String, java.lang.String, java.lang.String, java.lang.String, java.lang.String, java.lang.String, java.lang.String, java.lang.String, java.lang.String, java.lang.String, java.lang.String, java.lang.String, java.lang.String)[pri:2, instance:Followup.Medicaid.EMA@55c8fc60]" started-at="2020-07-17T12:43:12Z" name="Action" data-provider="get_print_data" finished-at="2020-07-17T12:43:12Z" duration-ms="5" status="PASS">
          <params>
            <param index="0">
              <value>
                <![CDATA[MARGARET SAFO MD PC - 1199]]>
              </value>
            </param>
            <param index="1">
              <value>
                <![CDATA[MARGARET SAFO MD PC]]>
              </value>
            </param>
            <param index="2">
              <value>
                <![CDATA[https://navinet.navimedix.com/sign-in?ReturnUrl=/]]>
              </value>
            </param>
            <param index="3">
              <value>
                <![CDATA[mmprempeh]]>
              </value>
            </param>
            <param index="4">
              <value>
                <![CDATA[safo2045!]]>
              </value>
            </param>
            <param index="5">
              <value>
                <![CDATA[7734]]>
              </value>
            </param>
            <param index="6">
              <value>
                <![CDATA[ROBINSON, KORI]]>
              </value>
            </param>
            <param index="7">
              <value>
                <![CDATA[9/15/2018]]>
              </value>
            </param>
            <param index="8">
              <value>
                <![CDATA[130816]]>
              </value>
            </param>
            <param index="9">
              <value>
                <![CDATA[5/7/2020]]>
              </value>
            </param>
            <param index="10">
              <value>
                <![CDATA[99392, 90460, 90633, S9470]]>
              </value>
            </param>
            <param index="11">
              <value>
                <![CDATA[Z23, Z00.129, Z01.89]]>
              </value>
            </param>
            <param index="12">
              <value>
                <![CDATA[390.68]]>
              </value>
            </param>
            <param index="13">
              <value>
                <![CDATA[0]]>
              </value>
            </param>
            <param index="14">
              <value>
                <![CDATA[LOCAL 1199NBF]]>
              </value>
            </param>
            <param index="15">
              <value>
                <![CDATA[5/8/2020]]>
              </value>
            </param>
            <param index="16">
              <value>
                <![CDATA[9032451577]]>
              </value>
            </param>
            <param index="17">
              <value>
                <![CDATA[NULL]]>
              </value>
            </param>
            <param index="18">
              <value>
                <![CDATA[PRIMARY]]>
              </value>
            </param>
            <param index="19">
              <value>
                <![CDATA[Safo, Margaret]]>
              </value>
            </param>
            <param index="20">
              <value>
                <![CDATA[FAR ROCKAWAY]]>
              </value>
            </param>
            <param index="21">
              <value>
                <![CDATA[NO]]>
              </value>
            </param>
            <param index="22">
              <value>
                <![CDATA[]]>
              </value>
            </param>
            <param index="23">
              <value>
                <![CDATA[May  7 2020  4:30PM]]>
              </value>
            </param>
            <param index="24">
              <value>
                <![CDATA[Billing, Cure]]>
              </value>
            </param>
            <param index="25">
              <value>
                <![CDATA[Login Failed]]>
              </value>
            </param>
          </params>
          <reporter-output>
          </reporter-output>
        </test-method> <!-- Action -->
        <test-method is-config="true" signature="onTestFaliure(org.testng.ITestResult)[pri:0, instance:Followup.Medicaid.EMA@55c8fc60]" started-at="2020-07-17T12:43:12Z" name="onTestFaliure" finished-at="2020-07-17T12:43:12Z" duration-ms="0" status="PASS">
          <params>
            <param index="0">
              <value>
                <![CDATA[[TestResult name=Action status=SUCCESS method=EMA.Action(java.lang.String, java.lang.String, java.lang.String, java.lang.String, java.lang.String, java.lang.String, java.lang.String, java.lang.String, java.lang.String, java.lang.String, java.lang.String, java.lang.String, java.lang.String, java.lang.String, java.lang.String, java.lang.String, java.lang.String, java.lang.String, java.lang.String, java.lang.String, java.lang.String, java.lang.String, java.lang.String, java.lang.String, java.lang.String, java.lang.String)[pri:2, instance:Followup.Medicaid.EMA@55c8fc60] output={null}]]]>
              </value>
            </param>
          </params>
          <reporter-output>
          </reporter-output>
        </test-method> <!-- onTestFaliure -->
        <test-method signature="Action(java.lang.String, java.lang.String, java.lang.String, java.lang.String, java.lang.String, java.lang.String, java.lang.String, java.lang.String, java.lang.String, java.lang.String, java.lang.String, java.lang.String, java.lang.String, java.lang.String, java.lang.String, java.lang.String, java.lang.String, java.lang.String, java.lang.String, java.lang.String, java.lang.String, java.lang.String, java.lang.String, java.lang.String, java.lang.String, java.lang.String)[pri:2, instance:Followup.Medicaid.EMA@55c8fc60]" started-at="2020-07-17T12:43:12Z" name="Action" data-provider="get_print_data" finished-at="2020-07-17T12:43:12Z" duration-ms="5" status="PASS">
          <params>
            <param index="0">
              <value>
                <![CDATA[MARGARET SAFO MD PC - 1199]]>
              </value>
            </param>
            <param index="1">
              <value>
                <![CDATA[MARGARET SAFO MD PC]]>
              </value>
            </param>
            <param index="2">
              <value>
                <![CDATA[https://navinet.navimedix.com/sign-in?ReturnUrl=/]]>
              </value>
            </param>
            <param index="3">
              <value>
                <![CDATA[mmprempeh]]>
              </value>
            </param>
            <param index="4">
              <value>
                <![CDATA[safo2045!]]>
              </value>
            </param>
            <param index="5">
              <value>
                <![CDATA[7762]]>
              </value>
            </param>
            <param index="6">
              <value>
                <![CDATA[GILMORE, NYLAH]]>
              </value>
            </param>
            <param index="7">
              <value>
                <![CDATA[10/21/2018]]>
              </value>
            </param>
            <param index="8">
              <value>
                <![CDATA[126336]]>
              </value>
            </param>
            <param index="9">
              <value>
                <![CDATA[11/2/2019]]>
              </value>
            </param>
            <param index="10">
              <value>
                <![CDATA[99392, 90460, 90461, 90716, 90633, 90707, 90686, S9470]]>
              </value>
            </param>
            <param index="11">
              <value>
                <![CDATA[Z23, Z00.129, Z01.89]]>
              </value>
            </param>
            <param index="12">
              <value>
                <![CDATA[100]]>
              </value>
            </param>
            <param index="13">
              <value>
                <![CDATA[0]]>
              </value>
            </param>
            <param index="14">
              <value>
                <![CDATA[LOCAL 1199NBF]]>
              </value>
            </param>
            <param index="15">
              <value>
                <![CDATA[12/11/2019]]>
              </value>
            </param>
            <param index="16">
              <value>
                <![CDATA[9800038115]]>
              </value>
            </param>
            <param index="17">
              <value>
                <![CDATA[12/27/2019]]>
              </value>
            </param>
            <param index="18">
              <value>
                <![CDATA[PRIMARY]]>
              </value>
            </param>
            <param index="19">
              <value>
                <![CDATA[Safo, Margaret]]>
              </value>
            </param>
            <param index="20">
              <value>
                <![CDATA[FAR ROCKAWAY]]>
              </value>
            </param>
            <param index="21">
              <value>
                <![CDATA[NO]]>
              </value>
            </param>
            <param index="22">
              <value>
                <![CDATA[NULL]]>
              </value>
            </param>
            <param index="23">
              <value>
                <![CDATA[Jun  6 2020 11:00AM]]>
              </value>
            </param>
            <param index="24">
              <value>
                <![CDATA[NULL]]>
              </value>
            </param>
            <param index="25">
              <value>
                <![CDATA[Login Failed]]>
              </value>
            </param>
          </params>
          <reporter-output>
          </reporter-output>
        </test-method> <!-- Action -->
        <test-method is-config="true" signature="onTestFaliure(org.testng.ITestResult)[pri:0, instance:Followup.Medicaid.EMA@55c8fc60]" started-at="2020-07-17T12:43:12Z" name="onTestFaliure" finished-at="2020-07-17T12:43:12Z" duration-ms="1" status="PASS">
          <params>
            <param index="0">
              <value>
                <![CDATA[[TestResult name=Action status=SUCCESS method=EMA.Action(java.lang.String, java.lang.String, java.lang.String, java.lang.String, java.lang.String, java.lang.String, java.lang.String, java.lang.String, java.lang.String, java.lang.String, java.lang.String, java.lang.String, java.lang.String, java.lang.String, java.lang.String, java.lang.String, java.lang.String, java.lang.String, java.lang.String, java.lang.String, java.lang.String, java.lang.String, java.lang.String, java.lang.String, java.lang.String, java.lang.String)[pri:2, instance:Followup.Medicaid.EMA@55c8fc60] output={null}]]]>
              </value>
            </param>
          </params>
          <reporter-output>
          </reporter-output>
        </test-method> <!-- onTestFaliure -->
[...]
            </param>
            <param index="22">
              <value>
                <![CDATA[Working on OSB: Insurance received the corrected claim on 12/26/2019 which got denied as duplicate. After verifying that this was a corrected claim insurance rep sent this claim back for reprocessing. Ref: QMXGR1513366 Rep: Gearcia (N/A)]]>
              </value>
            </param>
            <param index="23">
              <value>
                <![CDATA[Oct 28 2019  2:30PM]]>
              </value>
            </param>
            <param index="24">
              <value>
                <![CDATA[AR, FA]]>
              </value>
            </param>
            <param index="25">
              <value>
                <![CDATA[Executed successfully]]>
              </value>
            </param>
          </params>
          <reporter-output>
          </reporter-output>
        </test-method> <!-- Action -->
        <test-method is-config="true" signature="onTestFaliure(org.testng.ITestResult)[pri:0, instance:Followup.Medicaid.EMA@55c8fc60]" started-at="2020-07-17T12:43:13Z" name="onTestFaliure" finished-at="2020-07-17T12:43:13Z" duration-ms="0" status="PASS">
          <params>
            <param index="0">
              <value>
                <![CDATA[[TestResult name=Action status=SUCCESS method=EMA.Action(java.lang.String, java.lang.String, java.lang.String, java.lang.String, java.lang.String, java.lang.String, java.lang.String, java.lang.String, java.lang.String, java.lang.String, java.lang.String, java.lang.String, java.lang.String, java.lang.String, java.lang.String, java.lang.String, java.lang.String, java.lang.String, java.lang.String, java.lang.String, java.lang.String, java.lang.String, java.lang.String, java.lang.String, java.lang.String, java.lang.String)[pri:2, instance:Followup.Medicaid.EMA@55c8fc60] output={null}]]]>
              </value>
            </param>
          </params>
          <reporter-output>
          </reporter-output>
        </test-method> <!-- onTestFaliure -->
        <test-method signature="Action(java.lang.String, java.lang.String, java.lang.String, java.lang.String, java.lang.String, java.lang.String, java.lang.String, java.lang.String, java.lang.String, java.lang.String, java.lang.String, java.lang.String, java.lang.String, java.lang.String, java.lang.String, java.lang.String, java.lang.String, java.lang.String, java.lang.String, java.lang.String, java.lang.String, java.lang.String, java.lang.String, java.lang.String, java.lang.String, java.lang.String)[pri:2, instance:Followup.Medicaid.EMA@55c8fc60]" started-at="2020-07-17T12:43:13Z" name="Action" data-provider="get_print_data" finished-at="2020-07-17T12:43:13Z" duration-ms="3" status="PASS">
          <params>
            <param index="0">
              <value>
                <![CDATA[Rose Dermatology PC - 1199]]>
              </value>
            </param>
            <param index="1">
              <value>
                <![CDATA[Rose Dermatology PC]]>
              </value>
            </param>
            <param index="2">
              <value>
                <![CDATA[https://navinet.navimedix.com/sign-in?ReturnUrl=/]]>
              </value>
            </param>
            <param index="3">
              <value>
                <![CDATA[lparaskevas]]>
              </value>
            </param>
            <param index="4">
              <value>
                <![CDATA[Coffee2020!]]>
              </value>
            </param>
            <param index="5">
              <value>
                <![CDATA[16039]]>
              </value>
            </param>
            <param index="6">
              <value>
                <![CDATA[Lamb, Shante]]>
              </value>
            </param>
            <param index="7">
              <value>
                <![CDATA[8/16/1977]]>
              </value>
            </param>
            <param index="8">
              <value>
                <![CDATA[76246]]>
              </value>
            </param>
            <param index="9">
              <value>
                <![CDATA[10/21/2019]]>
              </value>
            </param>
            <param index="10">
              <value>
                <![CDATA[99203, 11900, J3301]]>
              </value>
            </param>
            <param index="11">
              <value>
                <![CDATA[L21.9, L73.1, L01.02, L70.0, L72.3, R20.8]]>
              </value>
            </param>
            <param index="12">
              <value>
                <![CDATA[39.34]]>
              </value>
            </param>
            <param index="13">
              <value>
                <![CDATA[0]]>
              </value>
            </param>
            <param index="14">
              <value>
                <![CDATA[1199 National Benefit]]>
              </value>
            </param>
            <param index="15">
              <value>
                <![CDATA[4/24/2020]]>
              </value>
            </param>
            <param index="16">
              <value>
                <![CDATA[9800171655]]>
              </value>
            </param>
            <param index="17">
              <value>
                <![CDATA[12/18/2019]]>
              </value>
            </param>
            <param index="18">
              <value>
                <![CDATA[SECONDARY]]>
              </value>
            </param>
            <param index="19">
              <value>
                <![CDATA[Paraskevas, Lilly-Rose]]>
              </value>
            </param>
            <param index="20">
              <value>
                <![CDATA[Rose Dermatology 2]]>
              </value>
            </param>
            <param index="21">
              <value>
                <![CDATA[NO]]>
              </value>
            </param>
            <param index="22">
              <value>
                <![CDATA[Working on OSB: Initially corrected claim was resubmitted through paper with the proof of primary EOB but as per insurance representative they have new mailing address for claim submission. No claim in their records. Now after verification claim has been submitted again under the new claim mailing address po box 1007 new york ny 10108 for further processing. Rep DOBEY N. Ref 04242020. N/A]]>
              </value>
            </param>
            <param index="23">
              <value>
                <![CDATA[Nov  4 2019  1:50PM]]>
              </value>
            </param>
            <param index="24">
              <value>
                <![CDATA[AR, BVDR]]>
              </value>
            </param>
            <param index="25">
              <value>
                <![CDATA[Executed successfully]]>
              </value>
            </param>
          </params>
          <reporter-output>
          </reporter-output>
        </test-method> <!-- Action -->
        <test-method is-config="true" signature="onTestFaliure(org.testng.ITestResult)[pri:0, instance:Followup.Medicaid.EMA@55c8fc60]" started-at="2020-07-17T12:43:13Z" name="onTestFaliure" finished-at="2020-07-17T12:43:13Z" duration-ms="1" status="PASS">
          <params>
            <param index="0">
              <value>
                <![CDATA[[TestResult name=Action status=SUCCESS method=EMA.Action(java.lang.String, java.lang.String, java.lang.String, java.lang.String, java.lang.String, java.lang.String, java.lang.String, java.lang.String, java.lang.String, java.lang.String, java.lang.String, java.lang.String, java.lang.String, java.lang.String, java.lang.String, java.lang.String, java.lang.String, java.lang.String, java.lang.String, java.lang.String, java.lang.String, java.lang.String, java.lang.String, java.lang.String, java.lang.String, java.lang.String)[pri:2, instance:Followup.Medicaid.EMA@55c8fc60] output={null}]]]>
              </value>
            </param>
          </params>
          <reporter-output>
          </reporter-output>
        </test-method> <!-- onTestFaliure -->
        <test-method signature="Action(java.lang.String, java.lang.String, java.lang.String, java.lang.String, java.lang.String, java.lang.String, java.lang.String, java.lang.String, java.lang.String, java.lang.String, java.lang.String, java.lang.String, java.lang.String, java.lang.String, java.lang.String, java.lang.String, java.lang.String, java.lang.String, java.lang.String, java.lang.String, java.lang.String, java.lang.String, java.lang.String, java.lang.String, java.lang.String, java.lang.String)[pri:2, instance:Followup.Medicaid.EMA@55c8fc60]" started-at="2020-07-17T12:43:13Z" name="Action" data-provider="get_print_data" finished-at="2020-07-17T12:43:13Z" duration-ms="2" status="PASS">
          <params>
            <param index="0">
              <value>
                <![CDATA[Rose Dermatology PC - 1199]]>
              </value>
            </param>
            <param index="1">
              <value>
                <![CDATA[Rose Dermatology PC]]>
              </value>
            </param>
            <param index="2">
              <value>
                <![CDATA[https://navinet.navimedix.com/sign-in?ReturnUrl=/]]>
              </value>
            </param>
            <param index="3">
              <value>
                <![CDATA[lparaskevas]]>
              </value>
            </param>
            <param index="4">
              <value>
                <![CDATA[Coffee2020!]]>
              </value>
            </param>
            <param index="5">
              <value>
                <![CDATA[16039]]>
              </value>
            </param>
            <param index="6">
              <value>
                <![CDATA[Lamb, Shante]]>
              </value>
            </param>
            <param index="7">
              <value>
                <![CDATA[8/16/1977]]>
              </value>
            </param>
            <param index="8">
              <value>
                <![CDATA[76753]]>
              </value>
            </param>
            <param index="9">
              <value>
                <![CDATA[11/4/2019]]>
              </value>
            </param>
            <param index="10">
              <value>
                <![CDATA[99213, 11900, J3301]]>
              </value>
            </param>
            <param index="11">
              <value>
                <![CDATA[L25.9, L70.0, L72.3, R20.8]]>
              </value>
            </param>
            <param index="12">
              <value>
                <![CDATA[31.05]]>
              </value>
            </param>
            <param index="13">
              <value>
                <![CDATA[0]]>
              </value>
            </param>
            <param index="14">
              <value>
                <![CDATA[1199 National Benefit]]>
              </value>
            </param>
            <param index="15">
              <value>
                <![CDATA[4/24/2020]]>
              </value>
            </param>
            <param index="16">
              <value>
                <![CDATA[9800171655]]>
              </value>
            </param>
            <param index="17">
              <value>
                <![CDATA[12/26/2019]]>
              </value>
            </param>
            <param index="18">
              <value>
                <![CDATA[SECONDARY]]>
              </value>
            </param>
            <param index="19">
              <value>
                <![CDATA[Paraskevas, Lilly-Rose]]>
              </value>
            </param>
            <param index="20">
              <value>
                <![CDATA[Rose Dermatology 2]]>
              </value>
            </param>
            <param index="21">
              <value>
                <![CDATA[NO]]>
              </value>
            </param>
            <param index="22">
              <value>
                <![CDATA[Working on OSB: Initially corrected claim was resubmitted through paper with the proof of primary EOB but as per insurance representative they have new mailing address for claim submission. No claim in their records. Now after verification claim has been submitted again under the new claim mailing address po box 1007 new york ny 10108 for further processing. Rep DOBEY N. Ref 04242020. N/A]]>
              </value>
            </param>
            <param index="23">
              <value>
                <![CDATA[Nov  4 2019  1:50PM]]>
              </value>
            </param>
            <param index="24">
              <value>
                <![CDATA[AR, BVDR]]>
              </value>
            </param>
            <param index="25">
              <value>
                <![CDATA[Executed successfully]]>
              </value>
            </param>
          </params>
          <reporter-output>
          </reporter-output>
        </test-method> <!-- Action -->
        <test-method is-config="true" signature="onTestFaliure(org.testng.ITestResult)[pri:0, instance:Followup.Medicaid.EMA@55c8fc60]" started-at="2020-07-17T12:43:13Z" name="onTestFaliure" finished-at="2020-07-17T12:43:13Z" duration-ms="0" status="PASS">
          <params>
            <param index="0">
              <value>
                <![CDATA[[TestResult name=Action status=SUCCESS method=EMA.Action(java.lang.String, java.lang.String, java.lang.String, java.lang.String, java.lang.String, java.lang.String, java.lang.String, java.lang.String, java.lang.String, java.lang.String, java.lang.String, java.lang.String, java.lang.String, java.lang.String, java.lang.String, java.lang.String, java.lang.String, java.lang.String, java.lang.String, java.lang.String, java.lang.String, java.lang.String, java.lang.String, java.lang.String, java.lang.String, java.lang.String)[pri:2, instance:Followup.Medicaid.EMA@55c8fc60] output={null}]]]>
              </value>
            </param>
          </params>
          <reporter-output>
          </reporter-output>
        </test-method> <!-- onTestFaliure -->
        <test-method signature="Action(java.lang.String, java.lang.String, java.lang.String, java.lang.String, java.lang.String, java.lang.String, java.lang.String, java.lang.String, java.lang.String, java.lang.String, java.lang.String, java.lang.String, java.lang.String, java.lang.String, java.lang.String, java.lang.String, java.lang.String, java.lang.String, java.lang.String, java.lang.String, java.lang.String, java.lang.String, java.lang.String, java.lang.String, java.lang.String, java.lang.String)[pri:2, instance:Followup.Medicaid.EMA@55c8fc60]" started-at="2020-07-17T12:43:13Z" name="Action" data-provider="get_print_data" finished-at="2020-07-17T12:43:13Z" duration-ms="5" status="PASS">
          <params>
            <param index="0">
              <value>
                <![CDATA[ARC HealthResources of Rockland, Inc - 1199]]>
              </value>
            </param>
            <param index="1">
              <value>
                <![CDATA[ARC HealthResources of Rockland, Inc]]>
              </value>
            </param>
            <param index="2">
              <value>
                <![CDATA[https://navinet.navimedix.com/sign-in?ReturnUrl=/]]>
              </value>
            </param>
            <param index="3">
              <value>
                <![CDATA[tryan243]]>
              </value>
            </param>
            <param index="4">
              <value>
                <![CDATA[AR452%Live ]]>
              </value>
            </param>
            <param index="5">
              <value>
                <![CDATA[621]]>
              </value>
            </param>
            <param index="6">
              <value>
                <![CDATA[IROBUNDA, CHINEDUM]]>
              </value>
            </param>
            <param index="7">
              <value>
                <![CDATA[12/3/1999]]>
              </value>
            </param>
            <param index="8">
              <value>
                <![CDATA[78153]]>
              </value>
            </param>
            <param index="9">
              <value>
                <![CDATA[5/1/2019]]>
              </value>
            </param>
            <param index="10">
              <value>
                <![CDATA[90792]]>
              </value>
            </param>
            <param index="11">
              <value>
                <![CDATA[F31.89, F71]]>
              </value>
            </param>
            <param index="12">
              <value>
                <![CDATA[228]]>
              </value>
            </param>
            <param index="13">
              <value>
                <![CDATA[0]]>
              </value>
            </param>
            <param index="14">
              <value>
                <![CDATA[1199 SEIU NATIONAL BENEFIT FUND^^^^^&1795]]>
              </value>
            </param>
            <param index="15">
              <value>
                <![CDATA[8/6/2019]]>
              </value>
            </param>
            <param index="16">
              <value>
                <![CDATA[9002505854]]>
              </value>
            </param>
            <param index="17">
              <value>
                <![CDATA[5/30/2019]]>
              </value>
            </param>
            <param index="18">
              <value>
                <![CDATA[SECONDARY]]>
              </value>
            </param>
            <param index="19">
              <value>
                <![CDATA[Tobe, Russell]]>
              </value>
            </param>
            <param index="20">
              <value>
                <![CDATA[Article28 Congers.]]>
              </value>
            </param>
            <param index="21">
              <value>
                <![CDATA[NO]]>
              </value>
            </param>
            <param index="22">
              <value>
                <![CDATA[Working on 90+ OSB: Insurance process our claim under the other TAX ID thats why rep did not providing a claim as per rep that provider is not enrolled under this TAX ID 134142322 thatâ€™s why they not process the claim after verification rep send our claim back for review. Call Ref: QMXGR1504637 Rep: SMITH. N\A]]>
              </value>
            </param>
            <param index="23">
              <value>
                <![CDATA[May  1 2019  4:50PM]]>
              </value>
            </param>
            <param index="24">
              <value>
                <![CDATA[AR, TM]]>
              </value>
            </param>
            <param index="25">
              <value>
                <![CDATA[Login Failed]]>
              </value>
            </param>
          </params>
          <reporter-output>
          </reporter-output>
        </test-method> <!-- Action -->
        <test-method is-config="true" signature="onTestFaliure(org.testng.ITestResult)[pri:0, instance:Followup.Medicaid.EMA@55c8fc60]" started-at="2020-07-17T12:43:13Z" name="onTestFaliure" finished-at="2020-07-17T12:43:13Z" duration-ms="1" status="PASS">
          <params>
            <param index="0">
              <value>
                <![CDATA[[TestResult name=Action status=SUCCESS method=EMA.Action(java.lang.String, java.lang.String, java.lang.String, java.lang.String, java.lang.String, java.lang.String, java.lang.String, java.lang.String, java.lang.String, java.lang.String, java.lang.String, java.lang.String, java.lang.String, java.lang.String, java.lang.String, java.lang.String, java.lang.String, java.lang.String, java.lang.String, java.lang.String, java.lang.String, java.lang.String, java.lang.String, java.lang.String, java.lang.String, java.lang.String)[pri:2, instance:Followup.Medicaid.EMA@55c8fc60] output={null}]]]>
              </value>
            </param>
          </params>
          <reporter-output>
          </reporter-output>
        </test-method> <!-- onTestFaliure -->
      </class> <!-- Followup.Medicaid.EMA -->
    </test> <!-- Default test -->
  </suite> <!-- Default suite -->
</testng-results>
